C51 COMPILER V9.01   MAIN                                                                  01/19/2022 16:00:26 PAGE 1   


C51 COMPILER V9.01, COMPILATION OF MODULE MAIN
OBJECT MODULE PLACED IN main.OBJ
COMPILER INVOKED BY: E:\Keil5\C51\BIN\C51.EXE main.c BROWSE DEBUG OBJECTEXTEND

line level    source

   1          #include <REGX52.H>
   2          #include "DELAY.H"
   3          #include "LCD1602.H"
   4          #include "IR.H"
   5          
   6          unsigned char Num;
   7          unsigned char Address;
   8          unsigned char Command;
   9          
  10          void main()
  11          {
  12   1              LCD_Init();
  13   1              IR_Init();
  14   1              LCD_ShowString(1,1,"ADDR  CMD  NUM");
  15   1              LCD_ShowString(2,1,"00    00   000");
  16   1              while(1)
  17   1              {
  18   2                      if(IR_GetDataFlag() || IR_GetRepeatFlag())
  19   2                      {
  20   3                              Address = IR_GetAddress();
  21   3                              Command = IR_GetCommand();
  22   3                              LCD_ShowHexNum(2,1,Address,2);
  23   3                              LCD_ShowHexNum(2,7,Command,2);
  24   3      
  25   3                              if(Command == IR_VOL_MINUS)
  26   3                              {
  27   4                                      Num--;
  28   4                              }
  29   3                              if(Command == IR_VOL_ADD)
  30   3                              {
  31   4                                      Num++;
  32   4                              }
  33   3                              LCD_ShowNum(2,12,Num,3);
  34   3                      }       
  35   2              
  36   2              }
  37   1      }


MODULE INFORMATION:   STATIC OVERLAYABLE
   CODE SIZE        =    115    ----
   CONSTANT SIZE    =     30    ----
   XDATA SIZE       =   ----    ----
   PDATA SIZE       =   ----    ----
   DATA SIZE        =      3    ----
   IDATA SIZE       =   ----    ----
   BIT SIZE         =   ----    ----
END OF MODULE INFORMATION.


C51 COMPILATION COMPLETE.  0 WARNING(S),  0 ERROR(S)
