C51 COMPILER V9.01   MAIN                                                                  01/27/2022 11:02:24 PAGE 1   


C51 COMPILER V9.01, COMPILATION OF MODULE MAIN
OBJECT MODULE PLACED IN main.OBJ
COMPILER INVOKED BY: E:\Keil5\C51\BIN\C51.EXE main.c BROWSE DEBUG OBJECTEXTEND

line level    source

   1          #include <REGX52.H>
   2          #include "TIMER0.H"
   3          #include "KEY.H"
   4          #include "NIXIE.H"
   5          
   6          unsigned char KeyNum;
   7          unsigned int i;
   8          void main()
   9          {
  10   1              Timer0_Init();
  11   1              P2_7 = 0;          //1111 1111 & 1111 1110 = 1111 1110 
  12   1              while(1)
  13   1              {
  14   2                      KeyNum = Key();
  15   2                      if(KeyNum)
  16   2                      {
  17   3                              P2_7 = ~P2_7;
  18   3                      }
  19   2      
  20   2              }
  21   1      }
  22          void Timer0_Routine() interrupt 1
  23          {
  24   1              static unsigned int T0count1,T0count2;
  25   1              TL0 = 0x18;             //设置定时初始值
  26   1              TH0 = 0xFC;             //设置定时初始值
  27   1              if(T0count1>=20)
  28   1              {
  29   2                      T0count1 = 0;
  30   2                      Key_Loop();
  31   2              }
  32   1              T0count1++;
  33   1              if(T0count2>=10)
  34   1              {
  35   2                      T0count2 = 0;
  36   2                      Nixie(1,0);
  37   2              }
  38   1              T0count2++;
  39   1      
  40   1      }


MODULE INFORMATION:   STATIC OVERLAYABLE
   CODE SIZE        =    141    ----
   CONSTANT SIZE    =   ----    ----
   XDATA SIZE       =   ----    ----
   PDATA SIZE       =   ----    ----
   DATA SIZE        =      7    ----
   IDATA SIZE       =   ----    ----
   BIT SIZE         =   ----    ----
END OF MODULE INFORMATION.


C51 COMPILATION COMPLETE.  0 WARNING(S),  0 ERROR(S)
