C51 COMPILER V9.01   BUZZER_1                                                              01/25/2022 09:25:27 PAGE 1   


C51 COMPILER V9.01, COMPILATION OF MODULE BUZZER_1
OBJECT MODULE PLACED IN buzzer_1.OBJ
COMPILER INVOKED BY: E:\Keil5\C51\BIN\C51.EXE buzzer_1.c BROWSE DEBUG OBJECTEXTEND

line level    source

   1          #include <REGX52.H>
   2          #include "BUZZER.H"
   3          #include "KEY.H"
   4          #include "NIXIE.H"
   5          
   6          unsigned char KeyNum;
   7          
   8          void main()
   9          {
  10   1              Nixie(1,0);
  11   1              while(1)
  12   1              {
  13   2                      Nixie(8,0);
  14   2                      KeyNum = Key();
  15   2                      if(KeyNum)
  16   2                      {
  17   3                              Buzzer_Time(100);
  18   3                              Nixie(1,KeyNum);
  19   3                      }
  20   2              }
  21   1      }


MODULE INFORMATION:   STATIC OVERLAYABLE
   CODE SIZE        =     44    ----
   CONSTANT SIZE    =   ----    ----
   XDATA SIZE       =   ----    ----
   PDATA SIZE       =   ----    ----
   DATA SIZE        =      1    ----
   IDATA SIZE       =   ----    ----
   BIT SIZE         =   ----    ----
END OF MODULE INFORMATION.


C51 COMPILATION COMPLETE.  0 WARNING(S),  0 ERROR(S)
