C51 COMPILER V9.01   BUZZER                                                                01/25/2022 09:25:27 PAGE 1   


C51 COMPILER V9.01, COMPILATION OF MODULE BUZZER
OBJECT MODULE PLACED IN Buzzer.OBJ
COMPILER INVOKED BY: E:\Keil5\C51\BIN\C51.EXE Buzzer.c BROWSE DEBUG OBJECTEXTEND

line level    source

   1          #include <REGX52.H>
   2          #include <INTRINS.H>
   3          
   4          sbit Beep = P1^5;
   5          
   6          /**
   7             *    @brief  蜂鸣器延时函数，@12.000MHz
   8             *    @param  无
   9             *    @retval 无
  10             */     
  11          void Buzzer_Delay500us()                //@12.000MHz  延时函数
  12          {
  13   1              unsigned char i;
  14   1      
  15   1              _nop_();
  16   1              i = 247;
  17   1              while (--i);
  18   1      }
  19          
  20          
  21          /**
  22            * @brief      蜂鸣器启动函数
  23            * @param      ms：蜂鸣器鸣叫时间
  24            * @retval     无
  25            */
  26          void Buzzer_Time(unsigned int ms)
  27          {
  28   1              unsigned int i;
  29   1              for(i = 0; i < ms*2; i++)
  30   1              {
  31   2                      Beep = !Beep;
  32   2                      Buzzer_Delay500us();
  33   2              }
  34   1      }


MODULE INFORMATION:   STATIC OVERLAYABLE
   CODE SIZE        =     40    ----
   CONSTANT SIZE    =   ----    ----
   XDATA SIZE       =   ----    ----
   PDATA SIZE       =   ----    ----
   DATA SIZE        =   ----    ----
   IDATA SIZE       =   ----    ----
   BIT SIZE         =   ----    ----
END OF MODULE INFORMATION.


C51 COMPILATION COMPLETE.  0 WARNING(S),  0 ERROR(S)
