C51 COMPILER V9.01   MAIN                                                                  02/07/2022 15:05:18 PAGE 1   


C51 COMPILER V9.01, COMPILATION OF MODULE MAIN
OBJECT MODULE PLACED IN main.OBJ
COMPILER INVOKED BY: E:\Keil5\C51\BIN\C51.EXE main.c BROWSE DEBUG OBJECTEXTEND

line level    source

   1          #include <REGX52.H>
   2          #include "DELAY.H"
   3          #include "KEY.H"
   4          #include "TIMER0.H"
   5          
   6          sbit DA = P2^1;
   7          
   8          unsigned char Counter,Compare;    
   9          
  10          void main()
  11          {
  12   1              unsigned char i;
  13   1              Timer0_Init();
  14   1              while(1)
  15   1              {
  16   2                      for(i = 0; i < 100; i++)
  17   2                      {
  18   3                              Compare = i;
  19   3                              Delayms(10);
  20   3                      }
  21   2                      for(i = 100; i > 0; i--)
  22   2                      {
  23   3                              Compare = i;
  24   3                              Delayms(10);
  25   3                      }       
  26   2              }
  27   1      }
  28          void Timer0_Routine() interrupt 1
  29          {
  30   1              TL0 = 0x9C;             //设置定时初始值
  31   1              TH0 = 0xFF;             //设置定时初始值
  32   1              Counter++;
  33   1              if(Counter>=100)
  34   1              {
  35   2                      Counter = 0;
  36   2              }
  37   1              // Counter %= 100;  可以实现if语句的功能
  38   1              if(Compare > Counter)
  39   1              {
  40   2                      DA = 1;
  41   2              }
  42   1              else
  43   1              {
  44   2                      DA = 0;
  45   2              }
  46   1      }


MODULE INFORMATION:   STATIC OVERLAYABLE
   CODE SIZE        =     89    ----
   CONSTANT SIZE    =   ----    ----
   XDATA SIZE       =   ----    ----
   PDATA SIZE       =   ----    ----
   DATA SIZE        =      2       1
   IDATA SIZE       =   ----    ----
C51 COMPILER V9.01   MAIN                                                                  02/07/2022 15:05:18 PAGE 2   

   BIT SIZE         =   ----    ----
END OF MODULE INFORMATION.


C51 COMPILATION COMPLETE.  0 WARNING(S),  0 ERROR(S)
