C51 COMPILER V9.01   MAIN                                                                  02/25/2022 15:35:37 PAGE 1   


C51 COMPILER V9.01, COMPILATION OF MODULE MAIN
OBJECT MODULE PLACED IN main.OBJ
COMPILER INVOKED BY: E:\Keil5\C51\BIN\C51.EXE main.c BROWSE DEBUG OBJECTEXTEND

line level    source

   1          #include <REGX52.H>
   2          #include "DELAY.H"
   3          #include "TIMER0.H"
   4          
   5          sbit Buzzer = P1^5;
   6          #define SPEED 500
   7          //音符与索引对应表，P：休止符，L：低音，M：中音，H：高音，下划线：升半音符号#
   8          #define P       0
   9          #define L1      1
  10          #define L1_     2
  11          #define L2      3
  12          #define L2_     4
  13          #define L3      5
  14          #define L4      6
  15          #define L4_     7
  16          #define L5      8
  17          #define L5_     9
  18          #define L6      10
  19          #define L6_     11
  20          #define L7      12
  21          #define M1      13
  22          #define M1_     14
  23          #define M2      15
  24          #define M2_     16
  25          #define M3      17
  26          #define M4      18
  27          #define M4_     19
  28          #define M5      20
  29          #define M5_     21
  30          #define M6      22
  31          #define M6_     23
  32          #define M7      24
  33          #define H1      25
  34          #define H1_     26
  35          #define H2      27
  36          #define H2_     28
  37          #define H3      29
  38          #define H4      30
  39          #define H4_     31
  40          #define H5      32
  41          #define H5_     33
  42          #define H6      34
  43          #define H6_     35
  44          #define H7      36
  45          
  46          //索引与频率对照表
  47          unsigned int FreqTable[]={
  48                  0,
  49                  63628,63731,63835,63928,64021,64103,64185,64260,64331,64400,64463,64528,
  50                  64580,64633,64684,64732,64777,64820,64860,64898,64934,64968,65000,65030,
  51                  65058,65085,65110,65134,65157,65178,65198,65217,65235,65252,65268,65283,
  52          };
  53          unsigned char code Music[]={
  54                  //音符,时值,
  55                  
C51 COMPILER V9.01   MAIN                                                                  02/25/2022 15:35:37 PAGE 2   

  56                  //1
  57          //      P,      4,
  58          //      P,      4,
  59          //      P,      4,
  60                  M6,     2,
  61                  M7,     2,
  62                  
  63                  H1,     4+2,
  64                  M7,     2,
  65                  H1,     4,
  66                  H3,     4,
  67          //      
  68          //      M7,     4+4+4,
  69          //      M3,     2,
  70          //      M3,     2,
  71                  
  72                  //2
  73          //      M6,     4+2,
  74          //      M5,     2,
  75          //      M6, 4,
  76          //      H1,     4,
  77                  
  78          //      M5,     4+4+4,
  79          //      M3,     4,
  80          //      
  81          //      M4,     4+2,
  82          //      M3,     2,
  83          //      M4,     4,
  84          //      H1,     4,
  85          //      
  86          //      //3
  87          //      M3,     4+4,
  88          //      P,      2,
  89          //      H1,     2,
  90          //      H1,     2,
  91          //      H1,     2,
  92          //      
  93          //      M7,     4+2,
  94          //      M4_,2,
  95          //      M4_,4,
  96          //      M7,     4,
  97          //      
  98          //      M7,     8,
  99          //      P,      4,
 100          //      M6,     2,
 101          //      M7,     2,
 102          //      
 103          //      //4
 104          //      H1,     4+2,
 105          //      M7,     2,
 106          //      H1,     4,
 107          //      H3,     4,
 108          //      
 109          //      M7,     4+4+4,
 110          //      M3,     2,
 111          //      M3,     2,
 112          //      
 113          //      M6,     4+2,
 114          //      M5,     2,
 115          //      M6, 4,
 116          //      H1,     4,
 117          //      
C51 COMPILER V9.01   MAIN                                                                  02/25/2022 15:35:37 PAGE 3   

 118          //      //5
 119          //      M5,     4+4+4,
 120          //      M2,     2,
 121          //      M3,     2,
 122          //      
 123          //      M4,     4,
 124          //      H1,     2,
 125          //      M7,     2+2,
 126          //      H1,     2+4,
 127          //      
 128          //      H2,     2,
 129          //      H2,     2,
 130          //      H3,     2,
 131          //      H1,     2+4+4,
 132          //      
 133          //      //6
 134          //      H1,     2,
 135          //      M7,     2,
 136          //      M6,     2,
 137          //      M6,     2,
 138          //      M7,     4,
 139          //      M5_,4,
 140          //      
 141          //      
 142          //      M6,     4+4+4,
 143          //      H1,     2,
 144          //      H2,     2,
 145          //      
 146          //      H3,     4+2,
 147          //      H2,     2,
 148          //      H3,     4,
 149          //      H5,     4,
 150          //      
 151          //      //7
 152          //      H2,     4+4+4,
 153          //      M5,     2,
 154          //      M5,     2,
 155          //      
 156          //      H1,     4+2,
 157          //      M7,     2,
 158          //      H1,     4,
 159          //      H3,     4,
 160          //      
 161          //      H3,     4+4+4+4,
 162          //      
 163          //      //8
 164          //      M6,     2,
 165          //      M7,     2,
 166          //      H1,     4,
 167          //      M7,     4,
 168          //      H2,     2,
 169          //      H2,     2,
 170          //      
 171          //      H1,     4+2,
 172          //      M5,     2+4+4,
 173          //      
 174          //      H4,     4,
 175          //      H3,     4,
 176          //      H3,     4,
 177          //      H1,     4,
 178          //      
 179          //      //9
C51 COMPILER V9.01   MAIN                                                                  02/25/2022 15:35:37 PAGE 4   

 180          //      H3,     4+4+4,
 181          //      H3,     4,
 182          //      
 183          //      H6,     4+4,
 184          //      H5,     4,
 185          //      H5,     4,
 186          //      
 187          //      H3,     2,
 188          //      H2,     2,
 189          //      H1,     4+4,
 190          //      P,      2,
 191          //      H1,     2,
 192          //      
 193          //      //10
 194          //      H2,     4,
 195          //      H1,     2,
 196          //      H2,     2,
 197          //      H2,     4,
 198          //      H5,     4,
 199          //      
 200          //      H3,     4+4+4,
 201          //      H3,     4,
 202          //      
 203          //      H6,     4+4,
 204          //      H5,     4+4,
 205          //      
 206          //      //11
 207          //      H3,     2,
 208          //      H2,     2,
 209          //      H1,     4+4,
 210          //      P,      2,
 211          //      H1,     2,
 212          //      
 213          //      H2,     4,
 214          //      H1,     2,
 215          //      H2,     2+4,
 216          //      M7,     4,
 217          //      
 218          //      M6,     4+4+4,
 219                  P,      4,
 220                  
 221                  0xFF    //终止标志
 222          };
 223          unsigned char FreqSelect,MusicSelect;
 224          
 225          
 226          
 227          void main()
 228          {
 229   1              
 230   1              Timer0_Init();
 231   1      
 232   1              while(1)
 233   1              {
 234   2                      if(Music[MusicSelect]!=0xFF)    //如果不是停止标志位
 235   2                      {
 236   3                              FreqSelect=Music[MusicSelect];  //选择音符对应的频率
 237   3                              MusicSelect++;
 238   3                              Delayms(SPEED/4*Music[MusicSelect]);    //选择音符对应的时值
 239   3                              MusicSelect++;
 240   3                              TR0=0;
 241   3                              Delayms(5);     //音符间短暂停顿
C51 COMPILER V9.01   MAIN                                                                  02/25/2022 15:35:37 PAGE 5   

 242   3                              TR0=1;
 243   3                      }
 244   2                      else    //如果是停止标志位
 245   2                      {
 246   3                              TR0=0;
 247   3                              while(1);
 248   3                      }
 249   2              }
 250   1      }
 251          
 252          void Timer0_Routine() interrupt 1
 253          {
 254   1      //      static unsigned int T0count;
 255   1              TL0 = FreqTable[FreqSelect]%256;                //设置定时初始值
 256   1              TH0 = FreqTable[FreqSelect]/256;                //设置定时初始值
 257   1              Buzzer = !Buzzer;
 258   1      
 259   1      }
 260          
 261          


MODULE INFORMATION:   STATIC OVERLAYABLE
   CODE SIZE        =     87    ----
   CONSTANT SIZE    =     15    ----
   XDATA SIZE       =   ----    ----
   PDATA SIZE       =   ----    ----
   DATA SIZE        =     76    ----
   IDATA SIZE       =   ----    ----
   BIT SIZE         =   ----    ----
END OF MODULE INFORMATION.


C51 COMPILATION COMPLETE.  0 WARNING(S),  0 ERROR(S)
