C51 COMPILER V9.01   INT0                                                                  02/07/2022 14:19:38 PAGE 1   


C51 COMPILER V9.01, COMPILATION OF MODULE INT0
OBJECT MODULE PLACED IN Int0.OBJ
COMPILER INVOKED BY: E:\Keil5\C51\BIN\C51.EXE Int0.c BROWSE DEBUG OBJECTEXTEND

line level    source

   1          #include <REGX52.H>
   2          
   3          
   4          /**
   5             *    @brief  外部中断0的初始化
   6             *    @param  无
   7             *    @retval 无
   8             */
   9          void Int0_Init()
  10          {
  11   1              IT0 = 1; //下降沿触发中断
  12   1              IE0 = 0; //中断标志位
  13   1              EX0 = 1; //外部0中断使能
  14   1              EA  = 1; //所有中断使能
  15   1              PX0 = 1; //高优先级
  16   1      
  17   1      }
  18          //
  19          //void Int_0(void) interrupt 0
  20          //{
  21          //      
  22          //}


MODULE INFORMATION:   STATIC OVERLAYABLE
   CODE SIZE        =     11    ----
   CONSTANT SIZE    =   ----    ----
   XDATA SIZE       =   ----    ----
   PDATA SIZE       =   ----    ----
   DATA SIZE        =   ----    ----
   IDATA SIZE       =   ----    ----
   BIT SIZE         =   ----    ----
END OF MODULE INFORMATION.


C51 COMPILATION COMPLETE.  0 WARNING(S),  0 ERROR(S)
