C51 COMPILER V9.01   MAIN                                                                  02/07/2022 14:19:37 PAGE 1   


C51 COMPILER V9.01, COMPILATION OF MODULE MAIN
OBJECT MODULE PLACED IN main.OBJ
COMPILER INVOKED BY: E:\Keil5\C51\BIN\C51.EXE main.c BROWSE DEBUG OBJECTEXTEND

line level    source

   1          #include <REGX52.H>
   2          #include "DELAY.H"
   3          #include "TIMER1.H"
   4          #include "NIXIE.H"
   5          #include "MOTOR.H"
   6          #include "IR.H"
   7          
   8          sbit Motor = P1^0;
   9          
  10          unsigned char KeyNum,Speed,Command;
  11          
  12          void main()
  13          {
  14   1              Motor_Init();
  15   1              IR_Init();
  16   1              while(1)
  17   1              {
  18   2                      if(IR_GetDataFlag())
  19   2                      {
  20   3                              Command = IR_GetCommand();
  21   3      
  22   3                              if(Command == IR_0){Speed = 0;}
  23   3                              if(Command == IR_1){Speed = 1;}
  24   3                              if(Command == IR_2){Speed = 2;}
  25   3                              if(Command == IR_3){Speed = 3;}
  26   3      
  27   3                              if(Speed == 0){Motor_SetSpeed(0);}
  28   3                              if(Speed == 1){Motor_SetSpeed(30);}
  29   3                              if(Speed == 2){Motor_SetSpeed(60);}
  30   3                              if(Speed == 3){Motor_SetSpeed(90);}
  31   3      
  32   3                      }
  33   2                      Nixie(1,Speed);
  34   2              }
  35   1      }


MODULE INFORMATION:   STATIC OVERLAYABLE
   CODE SIZE        =     99    ----
   CONSTANT SIZE    =   ----    ----
   XDATA SIZE       =   ----    ----
   PDATA SIZE       =   ----    ----
   DATA SIZE        =      3    ----
   IDATA SIZE       =   ----    ----
   BIT SIZE         =   ----    ----
END OF MODULE INFORMATION.


C51 COMPILATION COMPLETE.  0 WARNING(S),  0 ERROR(S)
