C51 COMPILER V9.01   MOTOR                                                                 02/07/2022 14:19:38 PAGE 1   


C51 COMPILER V9.01, COMPILATION OF MODULE MOTOR
OBJECT MODULE PLACED IN Motor.OBJ
COMPILER INVOKED BY: E:\Keil5\C51\BIN\C51.EXE Motor.c BROWSE DEBUG OBJECTEXTEND

line level    source

   1          #include <REGX52.H>
   2          #include "TIMER1.H"
   3          
   4          sbit Motor = P1^0;
   5          
   6          unsigned char Counter,Compare;    //可以理解为周期
   7          
   8          /**
   9            * @brief      电机初始化
  10            * @param      无
  11            * @retval     无
  12            */
  13          void Motor_Init()
  14          {
  15   1              Timer1_Init();
  16   1      }
  17          /**
  18            * @brief      电机速度设置
  19            * @param       Speed：0-100；
  20            * @retval      无
  21            */
  22          void Motor_SetSpeed(unsigned char Speed)
  23          {
  24   1              Compare = Speed;
  25   1      }
  26          /**
  27            * @brief      定时器1中断，实现PWM
  28            * @param  
  29            * @retval 
  30            */
  31          void Timer1_Routine() interrupt 3
  32          {
  33   1              TL1 = 0x9C;             //设置定时初始值
  34   1              TH1 = 0xFF;             //设置定时初始值
  35   1              Counter++;
  36   1              if(Counter>=100)
  37   1              {
  38   2                      Counter = 0;
  39   2              }
  40   1              // Counter %= 100;  可以实现if语句的功能
  41   1              if(Compare > Counter)
  42   1              {
  43   2                      Motor = 1;
  44   2              }
  45   1              else
  46   1              {
  47   2                      Motor = 0;
  48   2              }
  49   1      }


MODULE INFORMATION:   STATIC OVERLAYABLE
   CODE SIZE        =     46    ----
   CONSTANT SIZE    =   ----    ----
   XDATA SIZE       =   ----    ----
C51 COMPILER V9.01   MOTOR                                                                 02/07/2022 14:19:38 PAGE 2   

   PDATA SIZE       =   ----    ----
   DATA SIZE        =      2    ----
   IDATA SIZE       =   ----    ----
   BIT SIZE         =   ----    ----
END OF MODULE INFORMATION.


C51 COMPILATION COMPLETE.  0 WARNING(S),  0 ERROR(S)
