C51 COMPILER V9.01   TIMER0                                                                02/07/2022 14:19:38 PAGE 1   


C51 COMPILER V9.01, COMPILATION OF MODULE TIMER0
OBJECT MODULE PLACED IN Timer0.OBJ
COMPILER INVOKED BY: E:\Keil5\C51\BIN\C51.EXE Timer0.c BROWSE DEBUG OBJECTEXTEND

line level    source

   1          #include <REGX52.H>
   2          
   3          void Timer0_Init()
   4          {
   5   1              //TMOD = 0x01;//0000 0001
   6   1              TMOD = TMOD & 0xF0; //TMOD & 上0xF0,TMOD高四位不变，低四位置零；
   7   1              TMOD = TMOD | 0x01; //TMOD | 上0x01,TMOD高四位不变，低四位置1；
   8   1              //上两行代码可以在保持TMOD前四位不变的情况下，对低四位进行赋值 
   9   1              TF0 = 0; //配置TCON中的TF0
  10   1              TR0 = 0; //定时器0不计时
  11   1              TL0 = 0;                //设置定时初始值
  12   1              TH0 = 0;                //设置定时初始值
  13   1      
  14   1      }
  15          void Timer0_SetCounter(unsigned int Value)
  16          {
  17   1              TH0 = Value/256;
  18   1              TL0 = Value%256;
  19   1      }
  20          
  21          unsigned int Timer0_GetCounter()
  22          {
  23   1              return (TH0<<8)|TL0;
  24   1      }
  25          
  26          void Timer0_Run(unsigned char flag)
  27          {
  28   1              TR0 = flag;     
  29   1      }


MODULE INFORMATION:   STATIC OVERLAYABLE
   CODE SIZE        =     42    ----
   CONSTANT SIZE    =   ----    ----
   XDATA SIZE       =   ----    ----
   PDATA SIZE       =   ----    ----
   DATA SIZE        =   ----    ----
   IDATA SIZE       =   ----    ----
   BIT SIZE         =   ----    ----
END OF MODULE INFORMATION.


C51 COMPILATION COMPLETE.  0 WARNING(S),  0 ERROR(S)
