C51 COMPILER V9.01   TIMER1                                                                02/07/2022 14:19:38 PAGE 1   


C51 COMPILER V9.01, COMPILATION OF MODULE TIMER1
OBJECT MODULE PLACED IN Timer1.OBJ
COMPILER INVOKED BY: E:\Keil5\C51\BIN\C51.EXE Timer1.c BROWSE DEBUG OBJECTEXTEND

line level    source

   1          #include <REGX52.H>
   2          /**
   3             *    @brief  定时器1的初始化，1毫秒@12MHZ
   4             *    @param  无
   5             *    @retval 无
   6             */   
   7             
   8          void Timer1_Init()
   9          {
  10   1              //TMOD = 0x01;//0000 0001
  11   1              TMOD = TMOD & 0x0F; //TMOD & 上0xF0,TMOD高四位不变，低四位置零；
  12   1              TMOD = TMOD | 0x10; //TMOD | 上0x01,TMOD高四位不变，低四位置1；
  13   1              //上两行代码可以在保持TMOD前四位不变的情况下，对低四位进行赋值 
  14   1              TF1 = 0; //配置TCON中的TF0
  15   1              TR1 = 1;
  16   1              TL1 = 0x18;             //设置定时初始值
  17   1              TH1 = 0xFC;             //设置定时初始值
  18   1              ET1 = 1;
  19   1              EA = 1;
  20   1              PT1 = 0;
  21   1      }
  22          
  23          /* 定时器中断模板
  24          void Timer1_Routine() interrupt 3
  25          {
  26                  static unsigned int T1count;
  27                  TL1 = 0x18;             //设置定时初始值
  28                  TH1 = 0xFC;             //设置定时初始值
  29                  if(T0count>=1000)
  30                  {
  31                          T0count = 0;
  32                  }
  33                  T1count++;
  34          
  35          }
  36          */


MODULE INFORMATION:   STATIC OVERLAYABLE
   CODE SIZE        =     23    ----
   CONSTANT SIZE    =   ----    ----
   XDATA SIZE       =   ----    ----
   PDATA SIZE       =   ----    ----
   DATA SIZE        =   ----    ----
   IDATA SIZE       =   ----    ----
   BIT SIZE         =   ----    ----
END OF MODULE INFORMATION.


C51 COMPILATION COMPLETE.  0 WARNING(S),  0 ERROR(S)
