C51 COMPILER V9.01   XPT2046                                                               02/07/2022 14:55:22 PAGE 1   


C51 COMPILER V9.01, COMPILATION OF MODULE XPT2046
OBJECT MODULE PLACED IN XPT2046.OBJ
COMPILER INVOKED BY: E:\Keil5\C51\BIN\C51.EXE XPT2046.c BROWSE DEBUG OBJECTEXTEND

line level    source

   1          #include <REGX52.H>
   2          
   3          sbit XPT2046_DIN = P3^4;
   4          sbit XPT2046_CS = P3^5;
   5          sbit XPT2046_DCLK = P3^6;
   6          sbit XPT2046_DOUT = P3^7;
   7          
   8          unsigned int XPT2046_ReadAD(unsigned char Command)
   9          {
  10   1              unsigned int AD_Value=0;
  11   1              unsigned char i;
  12   1              XPT2046_CS = 0;                            //CS置零时序开始
  13   1              
  14   1              for(i=0;i<8;i++)
  15   1              {
  16   2                      XPT2046_DCLK = 0;                          //DCLK置零
  17   2                      XPT2046_DIN = Command&(0x80>>i);           //上升沿发送
  18   2                      XPT2046_DCLK = 1;                          //DCLK置一产生上升沿 
  19   2              }
  20   1               
  21   1              XPT2046_DCLK = 0;                          //发送结束，拉低DCLK
  22   1      
  23   1              for(i=0;i<16;i++)
  24   1              {
  25   2                      XPT2046_DCLK = 1;                          
  26   2                      XPT2046_DCLK = 0;                          //DCLK置一再置零产生下降沿
  27   2                      if(XPT2046_DOUT){AD_Value|=(0x8000>>i);}
  28   2              }
  29   1              XPT2046_DCLK = 0;                          //DCLK拉低
  30   1              XPT2046_CS = 1;                            //CS置一时序结束
  31   1      
  32   1              if(Command&0x08)
  33   1              {
  34   2                 return AD_Value>>8;
  35   2              }
  36   1              else
  37   1              {
  38   2                      return AD_Value>>4;
  39   2              }
  40   1      }


MODULE INFORMATION:   STATIC OVERLAYABLE
   CODE SIZE        =    112    ----
   CONSTANT SIZE    =   ----    ----
   XDATA SIZE       =   ----    ----
   PDATA SIZE       =   ----    ----
   DATA SIZE        =   ----       2
   IDATA SIZE       =   ----    ----
   BIT SIZE         =   ----    ----
END OF MODULE INFORMATION.


C51 COMPILATION COMPLETE.  0 WARNING(S),  0 ERROR(S)
