C51 COMPILER V9.01   MATRIX_1                                                              01/17/2022 09:40:56 PAGE 1   


C51 COMPILER V9.01, COMPILATION OF MODULE MATRIX_1
OBJECT MODULE PLACED IN Matrix_1.OBJ
COMPILER INVOKED BY: E:\Keil5\C51\BIN\C51.EXE Matrix_1.c BROWSE DEBUG OBJECTEXTEND

line level    source

   1          #include <REGX52.H>
   2          #include "DELAY.H"
   3          #include "LCD1602.H"
   4          #include "NIXIE.H"
   5          #include "MATRIX_NUM.H"
   6          
   7          unsigned char K_Num;
   8          
   9          void main()
  10          {
  11   1              LCD_Init();
  12   1              LCD_ShowString(1,1,"MatrixKey");
  13   1              
  14   1              while(1)
  15   1              {
  16   2                      K_Num = Matrix_Num();
  17   2                      if(K_Num)
  18   2                      {
  19   3                              LCD_ShowNum(2,1,K_Num,2);
  20   3                      }
  21   2              }
  22   1      }


MODULE INFORMATION:   STATIC OVERLAYABLE
   CODE SIZE        =     40    ----
   CONSTANT SIZE    =     10    ----
   XDATA SIZE       =   ----    ----
   PDATA SIZE       =   ----    ----
   DATA SIZE        =      1    ----
   IDATA SIZE       =   ----    ----
   BIT SIZE         =   ----    ----
END OF MODULE INFORMATION.


C51 COMPILATION COMPLETE.  0 WARNING(S),  0 ERROR(S)
