C51 COMPILER V9.01   UART                                                                  01/24/2022 14:34:59 PAGE 1   


C51 COMPILER V9.01, COMPILATION OF MODULE UART
OBJECT MODULE PLACED IN UART.OBJ
COMPILER INVOKED BY: E:\Keil5\C51\BIN\C51.EXE UART.c BROWSE DEBUG OBJECTEXTEND

line level    source

   1          #include <REGX52.H>
   2          
   3          /*              B7   B6   B5   B4   B3   B2   B1   B0
   4          scon :  SM0      SM1  SM2  REN  TB8  TB9  TI   RI
   5                          SM0与SM1控制串口工作方式，REN接收使能（置1时允许接收，置零时禁止接收），
   6                          TI、RI分别为发送中断和接受中断，置1时发送或者接收中断完成
   7                          由软件进行复位置零，此时可发送或接收数据；
   8          */
   9          
  10          /**
  11             *    @brief  串口初始化       //4800bps @12MHZ
  12             *    @param  无
  13             *    @retval 无
  14             */   
  15          void UART_Init()                         
  16          {
  17   1              SCON = 0x50;
  18   1              PCON = 0x80;
  19   1              TMOD &= 0x0F;   //清除定时器1模式位
  20   1              TMOD |= 0x20;   //设置定时器1为8位自动重装模式
  21   1              TH1 = 0xF3;        //设置定时初值  F3=243;256-243=13us;1/13us=0.0769230769230769MHZ
  22   1              TL1 = 0xF3;        //设置定时重装值        0.076923/16=0.004807MHZ  即4807bps
  23   1              TR1 = 1;           //启动定时器1
  24   1              EA = 1;
  25   1              ES = 1;
  26   1              
  27   1      }
  28          
  29          /**
  30             *    @brief  串口发送一个字节数据
  31             *    @param  Data:要发生的数据
  32             *    @retval 无
  33             */   
  34          void UART_SendByte(unsigned char Data)
  35          {
  36   1              SBUF = Data;
  37   1              while(!TI);
  38   1              TI = 0;
  39   1      }


MODULE INFORMATION:   STATIC OVERLAYABLE
   CODE SIZE        =     33    ----
   CONSTANT SIZE    =   ----    ----
   XDATA SIZE       =   ----    ----
   PDATA SIZE       =   ----    ----
   DATA SIZE        =   ----    ----
   IDATA SIZE       =   ----    ----
   BIT SIZE         =   ----    ----
END OF MODULE INFORMATION.


C51 COMPILATION COMPLETE.  0 WARNING(S),  0 ERROR(S)
