C51 COMPILER V9.01   LCD_1                                                                 01/17/2022 09:21:58 PAGE 1   


C51 COMPILER V9.01, COMPILATION OF MODULE LCD_1
OBJECT MODULE PLACED IN Lcd_1.OBJ
COMPILER INVOKED BY: E:\Keil5\C51\BIN\C51.EXE Lcd_1.c BROWSE DEBUG OBJECTEXTEND

line level    source

   1          #include <REGX52.H>
   2          #include <TIMER0.H>
   3          #include <DELAY.H>
   4          #include <LCD1602.H>
   5          
   6          unsigned int Hour=23,Min=59,Sec=50;     //全局变量初值为0；
   7          
   8          void Timer0_Routine() interrupt 1
   9          {
  10   1              static unsigned int T0count;
  11   1              TL0 = 0x18;             //设置定时初始值
  12   1              TH0 = 0xFC;             //设置定时初始值
  13   1              if(T0count>=1000)
  14   1              {
  15   2                      T0count = 0;
  16   2                      Sec++;
  17   2                      if(Sec>=60)//越界判断，即时间进位；
  18   2                      {
  19   3                              Sec=0;
  20   3                              Min++;
  21   3                              if(Min>=60)
  22   3                              {
  23   4                                      Min=0;
  24   4                                      Hour++;
  25   4                                      if(Hour>=24)
  26   4                                      {
  27   5                                              Hour=0;
  28   5                                      }
  29   4                              }
  30   3                      }
  31   2              }
  32   1              T0count++;
  33   1      
  34   1      }
  35          
  36          void main()
  37          {
  38   1              LCD_Init();//LCD初始化
  39   1              Timer0_Init();//定时器初始化
  40   1              LCD_ShowString(1,1,"Clock:");
  41   1              LCD_ShowString(2,1,"  :  :");
  42   1              while(1)
  43   1              {
  44   2                       LCD_ShowNum(2,1,Hour,2);//显示小时
  45   2                       LCD_ShowNum(2,4,Min,2);//显示分钟
  46   2                       LCD_ShowNum(2,7,Sec,2);//显示秒
  47   2              }
  48   1      }


MODULE INFORMATION:   STATIC OVERLAYABLE
   CODE SIZE        =    182    ----
   CONSTANT SIZE    =     14    ----
   XDATA SIZE       =   ----    ----
   PDATA SIZE       =   ----    ----
C51 COMPILER V9.01   LCD_1                                                                 01/17/2022 09:21:58 PAGE 2   

   DATA SIZE        =      8    ----
   IDATA SIZE       =   ----    ----
   BIT SIZE         =   ----    ----
END OF MODULE INFORMATION.


C51 COMPILATION COMPLETE.  0 WARNING(S),  0 ERROR(S)
