C51 COMPILER V9.01   DS1302_FUCTION                                                        02/07/2022 16:01:06 PAGE 1   


C51 COMPILER V9.01, COMPILATION OF MODULE DS1302_FUCTION
OBJECT MODULE PLACED IN DS1302_Fuction.OBJ
COMPILER INVOKED BY: E:\Keil5\C51\BIN\C51.EXE DS1302_Fuction.c BROWSE DEBUG OBJECTEXTEND

line level    source

   1          #include <REGX52.H>
   2          
   3          sbit DS1302_SCLK = P3^6;
   4          sbit DS1302_IO = P3^4;
   5          sbit DS1302_CE = P3^5;
   6          //写
   7          #define DS1302_W_SEC   0x80      
   8          #define DS1302_W_MIN   0x82      
   9          #define DS1302_W_HOUR  0x84
  10          #define DS1302_W_DATE  0x86
  11          #define DS1302_W_MONTH 0x88
  12          #define DS1302_W_YEAR  0x8C
  13          #define DS1302_W_DAY   0x8A      //星期
  14          #define DS1302_W_WP    0x8E
  15          //读
  16          #define DS1302_R_SEC   0x81
  17          #define DS1302_R_MIN   0x83
  18          #define DS1302_R_HOUR  0x85
  19          #define DS1302_R_DATE  0x87
  20          #define DS1302_R_MONTH 0x89
  21          #define DS1302_R_YEAR  0x8D
  22          #define DS1302_R_DAY   0x8B
  23          
  24          unsigned char DS1302_TIME[]={22,1,12,11,59,55,3}; //时间数组
  25          
  26          
  27          void DS1302_Init()        //初始化函数
  28          {
  29   1              DS1302_CE = 0;
  30   1              DS1302_SCLK     = 0;
  31   1      }
  32          void DS1302_WriteByte(unsigned char Command,unsigned char Data)    //DS1302写入函数
  33          {
  34   1              unsigned char i;
  35   1      
  36   1              DS1302_CE = 1;
  37   1      
  38   1              for(i=0;i<8;i++)
  39   1              {
  40   2                      DS1302_IO = Command&(0x01<<i);
  41   2                      DS1302_SCLK = 1;//若单片机运行速度较快，需要加延时函数保证下一步置零成功
  42   2                      DS1302_SCLK = 0;
  43   2              }
  44   1              for(i=0;i<8;i++)
  45   1              {
  46   2                      DS1302_IO = Data&(0x01<<i);
  47   2                      DS1302_SCLK = 1;//若单片机运行速度较快，需要加延时函数保证下一步置零成功
  48   2                      DS1302_SCLK = 0;
  49   2              }
  50   1              DS1302_CE = 0;
  51   1      }
  52          
  53          unsigned char DS1302_ReadByte(unsigned char Command)              //DS1302读取函数
  54          {
  55   1              unsigned char i,Data = 0x00;
C51 COMPILER V9.01   DS1302_FUCTION                                                        02/07/2022 16:01:06 PAGE 2   

  56   1      
  57   1              DS1302_CE = 1;
  58   1      
  59   1              for(i=0;i<8;i++)
  60   1              {
  61   2                      DS1302_IO = Command&(0x01<<i);
  62   2                      DS1302_SCLK = 0;           //此时DS1302_SCLK先零后一，参照DS1302读取时的时序图
  63   2                      DS1302_SCLK = 1;           //可知此时读取上升沿使能     
  64   2              }
  65   1              
  66   1              for(i=0;i<8;i++)
  67   1              {
  68   2                      DS1302_SCLK = 1;           //此时DS1302_SCLK先一后零，参照DS1302读取时的时序图
  69   2                      DS1302_SCLK = 0;           //可知此时读取下降沿使能
  70   2                      if(DS1302_IO)
  71   2                      {
  72   3                              Data = Data|(0x01<<i);
  73   3                      }
  74   2              }
  75   1              DS1302_IO = 0;
  76   1              DS1302_CE = 0;
  77   1              return Data;
  78   1      }
  79          
  80          void DS1302_SetTime()                                    //设置时间函数
  81          {
  82   1              DS1302_WriteByte(DS1302_W_WP,0x00);  //解除写入保护
  83   1              DS1302_WriteByte(DS1302_W_YEAR,DS1302_TIME[0]/10*16+DS1302_TIME[0]%10);
  84   1              DS1302_WriteByte(DS1302_W_MONTH,DS1302_TIME[1]/10*16+DS1302_TIME[1]%10);
  85   1              DS1302_WriteByte(DS1302_W_DATE,DS1302_TIME[2]/10*16+DS1302_TIME[2]%10);
  86   1              DS1302_WriteByte(DS1302_W_HOUR,DS1302_TIME[3]/10*16+DS1302_TIME[3]%10);
  87   1              DS1302_WriteByte(DS1302_W_MIN,DS1302_TIME[4]/10*16+DS1302_TIME[4]%10);
  88   1              DS1302_WriteByte(DS1302_W_SEC,DS1302_TIME[5]/10*16+DS1302_TIME[5]%10);
  89   1              DS1302_WriteByte(DS1302_W_DAY,DS1302_TIME[6]/10*16+DS1302_TIME[6]%10);
  90   1              DS1302_WriteByte(DS1302_W_WP,0x80);  //添加写入保护
  91   1      }
  92          
  93          void DS1302_ReadTime()                   ////将时间读取到DS1302_TIME数组中
  94          {
  95   1              unsigned char Temp;
  96   1              
  97   1              Temp = DS1302_ReadByte(DS1302_R_YEAR);
  98   1              DS1302_TIME[0] = Temp /16*10+Temp%16;
  99   1      
 100   1              Temp = DS1302_ReadByte(DS1302_R_MONTH);
 101   1              DS1302_TIME[1] = Temp /16*10+Temp%16;
 102   1      
 103   1              Temp = DS1302_ReadByte(DS1302_R_DATE);
 104   1              DS1302_TIME[2] = Temp /16*10+Temp%16;
 105   1      
 106   1              Temp = DS1302_ReadByte(DS1302_R_HOUR);
 107   1              DS1302_TIME[3] = Temp /16*10+Temp%16;
 108   1      
 109   1              Temp = DS1302_ReadByte(DS1302_R_MIN);
 110   1              DS1302_TIME[4] = Temp /16*10+Temp%16;
 111   1      
 112   1              Temp = DS1302_ReadByte(DS1302_R_SEC);
 113   1              DS1302_TIME[5] = Temp /16*10+Temp%16;
 114   1      
 115   1              Temp = DS1302_ReadByte(DS1302_R_DAY);
 116   1              DS1302_TIME[6] = Temp /16*10+Temp%16;
 117   1              
C51 COMPILER V9.01   DS1302_FUCTION                                                        02/07/2022 16:01:06 PAGE 3   

 118   1      
 119   1      }
 120          
 121          
 122          
 123          
 124          
 125          
 126          
 127          
 128          
 129          
 130          


MODULE INFORMATION:   STATIC OVERLAYABLE
   CODE SIZE        =    488    ----
   CONSTANT SIZE    =   ----    ----
   XDATA SIZE       =   ----    ----
   PDATA SIZE       =   ----    ----
   DATA SIZE        =      7    ----
   IDATA SIZE       =   ----    ----
   BIT SIZE         =   ----    ----
END OF MODULE INFORMATION.


C51 COMPILATION COMPLETE.  0 WARNING(S),  0 ERROR(S)
