C51 COMPILER V9.01   INT_2                                                                 01/27/2022 09:28:18 PAGE 1   


C51 COMPILER V9.01, COMPILATION OF MODULE INT_2
OBJECT MODULE PLACED IN int_2.OBJ
COMPILER INVOKED BY: E:\Keil5\C51\BIN\C51.EXE int_2.c BROWSE DEBUG OBJECTEXTEND

line level    source

   1          #include <REGX52.H>
   2          #include "TIMER0.H"
   3          #include "INTRINS.H"
   4          #include "DELAY.H"
   5          #include "KEY.H"
   6          unsigned char KeyNum,LedMode;
   7          
   8          void main()
   9          {
  10   1              P2=0xFE;//初始化LED，使其亮一个灯
  11   1              Timer0_Init();    //定时器初始化
  12   1              while(1)
  13   1              {
  14   2                      KeyNum = Key(); //检测按键是否被按下，按下的按键是几；
*** WARNING C206 IN LINE 14 OF INT_2.C: 'Key': missing function-prototype
  15   2                      if(KeyNum)
  16   2                      {
  17   3                              if(KeyNum == 1)
  18   3                              {
  19   4                                      LedMode++;
  20   4                                      if(LedMode>=2)
  21   4                                      {
  22   5                                              LedMode = 0;
  23   5                                      }
  24   4                              }
  25   3                      }
  26   2              }
  27   1      }
  28          
  29          void Timer0_Routine() interrupt 1
  30          {
  31   1              static unsigned int T0count;
  32   1              TL0 = 0x18;             //设置定时初始值
  33   1              TH0 = 0xFC;             //设置定时初始值
  34   1              if(T0count>=500)
  35   1              {
  36   2                      T0count = 0;
  37   2                      if(LedMode==0)
  38   2                      {
  39   3                              P2 = _crol_(P2,1);
  40   3                      }
  41   2                      if(LedMode==1)
  42   2                      {
  43   3                              P2 = _cror_(P2,1);
  44   3                      }
  45   2              }
  46   1              T0count++;
  47   1      
  48   1      }


MODULE INFORMATION:   STATIC OVERLAYABLE
   CODE SIZE        =    118    ----
   CONSTANT SIZE    =   ----    ----
   XDATA SIZE       =   ----    ----
C51 COMPILER V9.01   INT_2                                                                 01/27/2022 09:28:18 PAGE 2   

   PDATA SIZE       =   ----    ----
   DATA SIZE        =      4    ----
   IDATA SIZE       =   ----    ----
   BIT SIZE         =   ----    ----
END OF MODULE INFORMATION.


C51 COMPILATION COMPLETE.  1 WARNING(S),  0 ERROR(S)
