C51 COMPILER V9.01   I2C                                                                   01/18/2022 11:25:55 PAGE 1   


C51 COMPILER V9.01, COMPILATION OF MODULE I2C
OBJECT MODULE PLACED IN I2C.OBJ
COMPILER INVOKED BY: E:\Keil5\C51\BIN\C51.EXE I2C.c BROWSE DEBUG OBJECTEXTEND

line level    source

   1          #include <REGX52.H>
   2          
   3          sbit I2C_SCL  = P2^1;
   4          sbit I2C_SDA  = P2^0;
   5          
   6          
   7          /**
   8             *    @brief  I2C开始
   9             *    @param  无
  10             *    @retval 无
  11             */   
  12          void I2C_Start()
  13          {
  14   1              //先检查SCL和SDA的电平
  15   1              I2C_SCL = 1;
  16   1              I2C_SDA = 1;
  17   1              //再拉低SDA和SCL
  18   1              I2C_SDA = 0;
  19   1              I2C_SCL = 0;
  20   1      }
  21          
  22          /**
  23             *    @brief  I2C停止
  24             *    @param  无
  25             *    @retval 无
  26             */   
  27          void I2C_Stop()
  28          {
  29   1              I2C_SDA = 0;     
  30   1              I2C_SCL = 1;
  31   1              I2C_SDA = 1;
  32   1      }
  33          
  34          /**
  35             *    @brief  I2C发送一个字节
  36             *    @param  Byte：要发送的字节
  37             *    @retval 无
  38             */   
  39          void I2C_SendByte(unsigned char Byte)
  40          {
  41   1              unsigned char i;
  42   1              for(i=0;i<8;i++)
  43   1              {
  44   2                      I2C_SDA = Byte&(0x80>>i);//将Byte的8-i位取出并赋值给SDA  
  45   2                      I2C_SCL = 1;  //此时电平翻转时间足够单片机反应，故其后不必Delay一段时间，再拉低SCL
  46   2                      I2C_SCL = 0;
  47   2              
  48   2              }
  49   1      }
  50          
  51          /**
  52             *    @brief  I2C接收一个字节
  53             *    @param  无
  54             *    @retval Byte:接收到的字节
  55             */
C51 COMPILER V9.01   I2C                                                                   01/18/2022 11:25:55 PAGE 2   

  56          unsigned char I2C_ReceiveByte()
  57          {
  58   1              unsigned char i,Byte = 0x00;
  59   1              I2C_SDA = 1;  //置1释放总线
  60   1              for(i=0;i<8;i++)
  61   1              {
  62   2                      I2C_SCL = 1;  //置1，高电平读取SDA
  63   2                      if(I2C_SDA){Byte|=(0x80>>i);}
  64   2                      I2C_SCL = 0;    
  65   2              }
  66   1              return Byte;
  67   1      }
  68          
  69          /**
  70             *    @brief  I2C发送应答
  71             *    @param  AckBit：应答位   0为应答，1为非应答
  72             *    @retval 无
  73             */
  74          void I2C_SendAck(unsigned char AckBit)  
  75          {
  76   1              I2C_SDA = AckBit;        
  77   1              I2C_SCL = 1; 
  78   1              I2C_SCL = 0;
  79   1      }
  80          
  81          /**
  82             *    @brief  I2C接收应答
  83             *    @param  无
  84             *    @retval AckBit：接收到的应答位  0为应答，1为未应答
  85             */
  86          unsigned char I2C_ReceiveAck()          
  87          {
  88   1              unsigned char AckBit = 0;
  89   1              I2C_SDA = 1;  //释放SDA：SDA在低电平期间无法读取，高电平期间可以读取     
  90   1              I2C_SCL = 1;  //SCL在低电平期间无法读取，高电平期间可以读取
  91   1              if(I2C_SDA){AckBit = 1;}
  92   1              I2C_SCL=0;
  93   1              return AckBit;
  94   1      }
  95          


MODULE INFORMATION:   STATIC OVERLAYABLE
   CODE SIZE        =    110    ----
   CONSTANT SIZE    =   ----    ----
   XDATA SIZE       =   ----    ----
   PDATA SIZE       =   ----    ----
   DATA SIZE        =   ----    ----
   IDATA SIZE       =   ----    ----
   BIT SIZE         =   ----    ----
END OF MODULE INFORMATION.


C51 COMPILATION COMPLETE.  0 WARNING(S),  0 ERROR(S)
