C51 COMPILER V9.01   KEY                                                                   01/18/2022 10:43:27 PAGE 1   


C51 COMPILER V9.01, COMPILATION OF MODULE KEY
OBJECT MODULE PLACED IN key.OBJ
COMPILER INVOKED BY: E:\Keil5\C51\BIN\C51.EXE key.c BROWSE DEBUG OBJECTEXTEND

line level    source

   1          #include <REGX52.H>
   2          #include <delay.h>
   3          
   4          unsigned char K_KeyNumber;
   5          
   6          unsigned char Key()
   7          {
   8   1              unsigned char Temp = 0;
   9   1              Temp = K_KeyNumber;
  10   1              K_KeyNumber = 0;
  11   1              return Temp;
  12   1      }
  13          
  14          unsigned char Key_GetState()
  15          {
  16   1              unsigned char KeyNumber = 0;
  17   1              if(P3_1==0){KeyNumber=1;}
  18   1              if(P3_0==0){KeyNumber=2;}
  19   1              if(P3_2==0){KeyNumber=3;}
  20   1              if(P3_3==0){KeyNumber=4;}
  21   1              return KeyNumber;
  22   1      }
  23          
  24          void Key_Loop()
  25          {
  26   1              static unsigned char N_State,L_State;
  27   1              unsigned int i;
  28   1              L_State = N_State;
  29   1              N_State = Key_GetState();
  30   1              for(i=0;i<4;i++)
  31   1              {
  32   2                      if(L_State==(i+1) && N_State==0)
  33   2                      {
  34   3                              K_KeyNumber = i+1;
  35   3                              break;
  36   3                      }       
  37   2              }
  38   1      }


MODULE INFORMATION:   STATIC OVERLAYABLE
   CODE SIZE        =     77    ----
   CONSTANT SIZE    =   ----    ----
   XDATA SIZE       =   ----    ----
   PDATA SIZE       =   ----    ----
   DATA SIZE        =      3    ----
   IDATA SIZE       =   ----    ----
   BIT SIZE         =   ----    ----
END OF MODULE INFORMATION.


C51 COMPILATION COMPLETE.  0 WARNING(S),  0 ERROR(S)
