C51 COMPILER V9.01   MAIN                                                                  01/18/2022 11:25:55 PAGE 1   


C51 COMPILER V9.01, COMPILATION OF MODULE MAIN
OBJECT MODULE PLACED IN main.OBJ
COMPILER INVOKED BY: E:\Keil5\C51\BIN\C51.EXE main.c BROWSE DEBUG OBJECTEXTEND

line level    source

   1          #include <REGX52.H>
   2          #include "LCD1602.H"
   3          #include "DS18B20.H"
   4          #include "DELAY.H"
   5          #include "AT24C02.H"
   6          #include "KEY_TIMER.H"
   7          
   8          float T,TShow;
   9          char TL = 5,TH = 35;
  10          unsigned char K_Num;
  11          
  12          void main()
  13          {
  14   1              LCD_Init();                                       //LCD初始化
  15   1              Timer0_Init();                            //定时器初始化
*** WARNING C206 IN LINE 15 OF MAIN.C: 'Timer0_Init': missing function-prototype
  16   1              DS18B20_ConvertTemp();            //上电即转换一次温度，覆盖此前的数据
  17   1              Delayms(1000);                            //延时1s
  18   1              TH = AT24C02_ReadByte(0);         //读取阈值温度
  19   1              TL = AT24C02_ReadByte(1);
  20   1              if(TH>50||TL<-20||TH<TL)           //判断阈值是否合法，若不合法则赋予初值
  21   1              {
  22   2                      TH = 35;
  23   2                      TL=5;
  24   2              }       
  25   1              LCD_ShowString(1,1,"T:");
  26   1              LCD_ShowString(2,1,"TH:");
  27   1              LCD_ShowString(2,9,"TL:");
  28   1              LCD_ShowSignedNum(2,4,TH,3);
  29   1              LCD_ShowSignedNum(2,12,TL,3);
  30   1              while(1)
  31   1              {
  32   2                      K_Num = Key();
*** WARNING C206 IN LINE 32 OF MAIN.C: 'Key': missing function-prototype
  33   2                      /*温度读取及显示*/
  34   2                      DS18B20_ConvertTemp();    //转换温度
  35   2                      T = DS18B20_Read_T();     //读取温度
  36   2                      if(T<0)
  37   2                      {
  38   3                              LCD_ShowChar(1,3,'-');
  39   3                              TShow = -T;
  40   3                      }
  41   2                      else
  42   2                      {
  43   3                              LCD_ShowChar(1,3,'+');
  44   3                              TShow = T;
  45   3                      }
  46   2      
  47   2                      LCD_ShowNum(1,4,TShow,3);
  48   2                      LCD_ShowChar(1,7,'.');
  49   2                      LCD_ShowNum(1,8,(unsigned long)(TShow*100)%100,2);
  50   2      
  51   2                      /*阈值判断及示警*/
  52   2                      if(K_Num)
  53   2                      {
C51 COMPILER V9.01   MAIN                                                                  01/18/2022 11:25:55 PAGE 2   

  54   3                              switch(K_Num)
  55   3                              {
  56   4                                      case 1:
  57   4                                              TH++;if(TH>50){TH--;}
  58   4                                              break;
  59   4                                      case 2:
  60   4                                              TH--;if(TH<=TL){TH++;}
  61   4                                              break;
  62   4                                      case 3:
  63   4                                              TL++;if(TL>=TH){TL--;}
  64   4                                              break;
  65   4                                      case 4:
  66   4                                              TL--;if(TL<-50){TL++;}
  67   4                                              break;
  68   4                                      default:
  69   4                                              break;
  70   4                              }
  71   3                      }
  72   2                      LCD_ShowSignedNum(2,4,TH,3);
  73   2                      LCD_ShowSignedNum(2,12,TL,3);
  74   2                      AT24C02_WriteByte(0,TH);
  75   2                      Delayms(5);
  76   2                      AT24C02_WriteByte(1,TL);
  77   2                      Delayms(5);
  78   2                      if(T>TH)
  79   2                      {
  80   3                              LCD_ShowString(1,13,"W:H");
  81   3      
  82   3                      }
  83   2                      else if(T<TH&&T>TL)
  84   2                      {
  85   3                              LCD_ShowString(1,13,"   ");
  86   3                      }
  87   2                      else if(T<TL)
  88   2                      {
  89   3                              LCD_ShowString(1,13,"W:L");
  90   3                      }
  91   2              }
  92   1      }
  93          void Timer0_Routine() interrupt 1
  94          {
  95   1              static unsigned int T0count;
  96   1              TL0 = 0x18;             //设置定时初始值
  97   1              TH0 = 0xFC;             //设置定时初始值
  98   1              if(T0count>=20)
  99   1              {
 100   2                      T0count = 0;
 101   2                      Key_Loop();
*** WARNING C206 IN LINE 101 OF MAIN.C: 'Key_Loop': missing function-prototype
 102   2              }
 103   1              T0count++;
 104   1      
 105   1      }


MODULE INFORMATION:   STATIC OVERLAYABLE
   CODE SIZE        =    673    ----
   CONSTANT SIZE    =     23    ----
   XDATA SIZE       =   ----    ----
   PDATA SIZE       =   ----    ----
   DATA SIZE        =     13    ----
   IDATA SIZE       =   ----    ----
C51 COMPILER V9.01   MAIN                                                                  01/18/2022 11:25:55 PAGE 3   

   BIT SIZE         =   ----    ----
END OF MODULE INFORMATION.


C51 COMPILATION COMPLETE.  3 WARNING(S),  0 ERROR(S)
