C51 COMPILER V9.01   ONEWIRE                                                               01/18/2022 11:25:56 PAGE 1   


C51 COMPILER V9.01, COMPILATION OF MODULE ONEWIRE
OBJECT MODULE PLACED IN OneWire.OBJ
COMPILER INVOKED BY: E:\Keil5\C51\BIN\C51.EXE OneWire.c BROWSE DEBUG OBJECTEXTEND

line level    source

   1          #include <REGX52.H>
   2          
   3          sbit OneWire_DQ = P3^7;
   4          
   5          unsigned char OneWire_Init()            //单总线初始化
   6          {
   7   1              unsigned char i;
   8   1              unsigned char AckBit;
   9   1              EA = 0;//关闭中断
  10   1              OneWire_DQ = 1;          //初始化电平
  11   1              OneWire_DQ = 0;          //拉低电平
  12   1      
  13   1              i = 247;while (--i); //延时500us
  14   1      
  15   1              OneWire_DQ = 1;          //拉高电平
  16   1      
  17   1              i = 32;while (--i);  //延时70us
  18   1      
  19   1              AckBit = OneWire_DQ;
  20   1      
  21   1              i = 247;while (--i); //延时500us
  22   1              EA = 1;//打开中断
  23   1              return AckBit;
  24   1      }
  25          void OneWire_SendBit(unsigned char Bit)    //发送一位
  26          {
  27   1              unsigned char i;
  28   1              EA = 0;//关闭中断
  29   1              
  30   1              OneWire_DQ = 0;          //拉低电平
  31   1      
  32   1              i = 4;while (--i);       //延时10us
  33   1              OneWire_DQ = Bit;
  34   1      
  35   1              i = 24;while (--i);      //延时50us
  36   1              OneWire_DQ = 1;          //释放电平
  37   1              EA = 1;//打开中断
  38   1      }
  39          unsigned char OneWire_ReceiveBit()              //接收一位
  40          {
  41   1              unsigned char i;
  42   1              unsigned char Bit;
  43   1              EA = 0;//关闭中断
  44   1              OneWire_DQ = 0;          //拉低电平
  45   1      
  46   1              i = 2;while (--i);       //延时5us
  47   1              OneWire_DQ = 1;          //释放电平，此后电平变化由从机决定，
  48   1      
  49   1              i = 2;while (--i);       //延时5us，进行采样，将采样结果赋给Bit
  50   1              Bit = OneWire_DQ;
  51   1      
  52   1              i = 24;while (--i);      //延时50us
  53   1              EA = 1;//打开中断
  54   1              return Bit;
  55   1      
C51 COMPILER V9.01   ONEWIRE                                                               01/18/2022 11:25:56 PAGE 2   

  56   1      }
  57          
  58          void OneWire_SendByte(unsigned char Byte)         //发送一个字节
  59          {
  60   1              unsigned char i;
  61   1              for(i=0;i<8;i++)
  62   1              {
  63   2                      OneWire_SendBit(Byte&(0x01<<i));//Byte&(0x01<<i)将Byte的第3位发送出去（低位在前先发送）
  64   2              }
  65   1      }
  66          unsigned char OneWire_ReceiveByte()                      //接收一个字节
  67          {
  68   1              unsigned char i;
  69   1              unsigned char Byte = 0x00;
  70   1      
  71   1              for(i=0;i<8;i++)
  72   1              {
  73   2                      if(OneWire_ReceiveBit()){Byte|=(0x01<<i);};
  74   2              }
  75   1      
  76   1              return Byte;
  77   1      }
  78          
  79          
  80          
  81          
  82          
  83          
  84          
  85          
  86          
  87          
  88          
  89          


MODULE INFORMATION:   STATIC OVERLAYABLE
   CODE SIZE        =    134    ----
   CONSTANT SIZE    =   ----    ----
   XDATA SIZE       =   ----    ----
   PDATA SIZE       =   ----    ----
   DATA SIZE        =   ----    ----
   IDATA SIZE       =   ----    ----
   BIT SIZE         =   ----    ----
END OF MODULE INFORMATION.


C51 COMPILATION COMPLETE.  0 WARNING(S),  0 ERROR(S)
