C51 COMPILER V9.01   MAIN                                                                  01/17/2022 18:26:02 PAGE 1   


C51 COMPILER V9.01, COMPILATION OF MODULE MAIN
OBJECT MODULE PLACED IN main.OBJ
COMPILER INVOKED BY: E:\Keil5\C51\BIN\C51.EXE main.c BROWSE DEBUG OBJECTEXTEND

line level    source

   1          #include <REGX52.H>
   2          #include "ONEWIRE.H"
   3          #include "LCD1602.H"
   4          #include "DS18B20.H"
   5          #include "DELAY.H"
   6          
   7          
   8          unsigned char Ack;
   9          
  10          float T;
  11          
  12          void main()
  13          {
  14   1              DS18B20_ConvertTemp();
  15   1              Delayms(1000);
  16   1              LCD_Init();
  17   1              LCD_ShowString(1,1,"Temperature");
  18   1      
  19   1              while(1)
  20   1              {
  21   2                      DS18B20_ConvertTemp();
  22   2      
  23   2                      T = DS18B20_Read_T();
  24   2                      if(T<0)
  25   2                      {
  26   3                              LCD_ShowChar(2,1,'-');
  27   3                              T = -T;
  28   3                      }
  29   2                      else
  30   2                      {
  31   3                              LCD_ShowChar(2,1,'+');
  32   3                      }
  33   2      
  34   2                      LCD_ShowNum(2,2,T,3);
  35   2                      LCD_ShowChar(2,5,'.');
  36   2                      LCD_ShowNum(2,6,(unsigned long)(T*10000)%10000,4);
  37   2      
  38   2              }
  39   1      }


MODULE INFORMATION:   STATIC OVERLAYABLE
   CODE SIZE        =    176    ----
   CONSTANT SIZE    =     12    ----
   XDATA SIZE       =   ----    ----
   PDATA SIZE       =   ----    ----
   DATA SIZE        =      5    ----
   IDATA SIZE       =   ----    ----
   BIT SIZE         =   ----    ----
END OF MODULE INFORMATION.


C51 COMPILATION COMPLETE.  0 WARNING(S),  0 ERROR(S)
