C51 COMPILER V9.01   ONEWIRE                                                               01/17/2022 18:26:02 PAGE 1   


C51 COMPILER V9.01, COMPILATION OF MODULE ONEWIRE
OBJECT MODULE PLACED IN OneWire.OBJ
COMPILER INVOKED BY: E:\Keil5\C51\BIN\C51.EXE OneWire.c BROWSE DEBUG OBJECTEXTEND

line level    source

   1          #include <REGX52.H>
   2          
   3          sbit OneWire_DQ = P3^7;
   4          
   5          unsigned char OneWire_Init()            //单总线初始化
   6          {
   7   1              unsigned char i;
   8   1              unsigned char AckBit;
   9   1      
  10   1              OneWire_DQ = 1;          //初始化电平
  11   1              OneWire_DQ = 0;          //拉低电平
  12   1      
  13   1              i = 247;while (--i); //延时500us
  14   1      
  15   1              OneWire_DQ = 1;          //拉高电平
  16   1      
  17   1              i = 32;while (--i);  //延时70us
  18   1      
  19   1              AckBit = OneWire_DQ;
  20   1      
  21   1              i = 247;while (--i); //延时500us
  22   1      
  23   1              return AckBit;
  24   1      }
  25          void OneWire_SendBit(unsigned char Bit)    //发送一位
  26          {
  27   1              unsigned char i;        
  28   1              OneWire_DQ = 0;          //拉低电平
  29   1      
  30   1              i = 4;while (--i);       //延时10us
  31   1              OneWire_DQ = Bit;
  32   1      
  33   1              i = 24;while (--i);      //延时50us
  34   1              OneWire_DQ = 1;          //释放电平
  35   1      
  36   1      }
  37          unsigned char OneWire_ReceiveBit()              //接收一位
  38          {
  39   1              unsigned char i;
  40   1              unsigned char Bit;
  41   1      
  42   1              OneWire_DQ = 0;          //拉低电平
  43   1      
  44   1              i = 2;while (--i);       //延时5us
  45   1              OneWire_DQ = 1;          //释放电平，此后电平变化由从机决定，
  46   1      
  47   1              i = 2;while (--i);       //延时5us，进行采样，将采样结果赋给Bit
  48   1              Bit = OneWire_DQ;
  49   1      
  50   1              i = 24;while (--i);      //延时50us
  51   1      
  52   1              return Bit;
  53   1      
  54   1      }
  55          
C51 COMPILER V9.01   ONEWIRE                                                               01/17/2022 18:26:02 PAGE 2   

  56          void OneWire_SendByte(unsigned char Byte)         //发送一个字节
  57          {
  58   1              unsigned char i;
  59   1              for(i=0;i<8;i++)
  60   1              {
  61   2                      OneWire_SendBit(Byte&(0x01<<i));//Byte&(0x01<<i)将Byte的第3位发送出去（低位在前先发送）
  62   2              }
  63   1      }
  64          unsigned char OneWire_ReceiveByte()                      //接收一个字节
  65          {
  66   1              unsigned char i;
  67   1              unsigned char Byte = 0x00;
  68   1              for(i=0;i<8;i++)
  69   1              {
  70   2                      if(OneWire_ReceiveBit()){Byte|=(0x01<<i);};
  71   2              }
  72   1              return Byte;
  73   1      }
  74          
  75          
  76          
  77          
  78          
  79          
  80          
  81          
  82          
  83          
  84          
  85          


MODULE INFORMATION:   STATIC OVERLAYABLE
   CODE SIZE        =    122    ----
   CONSTANT SIZE    =   ----    ----
   XDATA SIZE       =   ----    ----
   PDATA SIZE       =   ----    ----
   DATA SIZE        =   ----    ----
   IDATA SIZE       =   ----    ----
   BIT SIZE         =   ----    ----
END OF MODULE INFORMATION.


C51 COMPILATION COMPLETE.  0 WARNING(S),  0 ERROR(S)
