C51 COMPILER V9.01   NIXIE                                                                 02/08/2022 16:25:04 PAGE 1   


C51 COMPILER V9.01, COMPILATION OF MODULE NIXIE
OBJECT MODULE PLACED IN Nixie.OBJ
COMPILER INVOKED BY: E:\Keil5\C51\BIN\C51.EXE Nixie.c BROWSE DEBUG OBJECTEXTEND

line level    source

   1          #include <REGX52.H>
   2          #include "DELAY.H"
   3          unsigned char Nixie_Num[]={0x3F,0x06,0X5B,0x4F,0x66,0x6D,0x7D,0x07,0x7F,0x6F,
   4                                                                      0x77,0x7C,0x39,0x5E,0x79,0x71,0x00,0x40};
   5          
   6          unsigned char Nixie_Buf[9] = {0,16,16,16,16,16,16,16,16};
   7          void Nixie(unsigned char Location,Number)
   8          {
   9   1              P0 = Nixie_Num[16];
  10   1          switch(Location)
  11   1              {
  12   2                      case 1:P2_4 = 1;P2_3 = 1;P2_2 = 1;;break;
  13   2                      case 2:P2_4 = 1;P2_3 = 1;P2_2 = 0;;break;
  14   2                      case 3:P2_4 = 1;P2_3 = 0;P2_2 = 1;;break;
  15   2                      case 4:P2_4 = 1;P2_3 = 0;P2_2 = 0;;break;
  16   2                      case 5:P2_4 = 0;P2_3 = 1;P2_2 = 1;;break;
  17   2                      case 6:P2_4 = 0;P2_3 = 1;P2_2 = 0;;break;
  18   2                      case 7:P2_4 = 0;P2_3 = 0;P2_2 = 1;;break;
  19   2                      case 8:P2_4 = 0;P2_3 = 0;P2_2 = 0;;break;
  20   2              }
  21   1              P0 = Nixie_Num[Number];
  22   1      }
  23          void Nixie_Loop()
  24          {
  25   1              static unsigned char i = 1;
  26   1              Nixie(i,Nixie_Buf[i]);
  27   1              i++;
  28   1              i = i%9+1;
  29   1      }
  30          void Nixie_Scan(unsigned char Location,Number)
  31          {
  32   1              Nixie_Buf[Location] = Number;
  33   1      }


MODULE INFORMATION:   STATIC OVERLAYABLE
   CODE SIZE        =    139    ----
   CONSTANT SIZE    =   ----    ----
   XDATA SIZE       =   ----    ----
   PDATA SIZE       =   ----    ----
   DATA SIZE        =     28    ----
   IDATA SIZE       =   ----    ----
   BIT SIZE         =   ----    ----
END OF MODULE INFORMATION.


C51 COMPILATION COMPLETE.  0 WARNING(S),  0 ERROR(S)
