C51 COMPILER V9.01   KEY_2                                                                 01/07/2022 16:35:24 PAGE 1   


C51 COMPILER V9.01, COMPILATION OF MODULE KEY_2
OBJECT MODULE PLACED IN Key_2.OBJ
COMPILER INVOKED BY: E:\Keil5\C51\BIN\C51.EXE Key_2.c BROWSE DEBUG OBJECTEXTEND

line level    source

   1           #include <REGX52.H>
   2          const char table[8]={0xFE,0xFD,0xFB,0xF7,0xEF,0xDF,0xBF,
   3          0x7F};
   4          
   5          void Delayms(unsigned int ms)           //@12.000MHz
   6          {
   7   1              unsigned char i, j;
   8   1              while(ms)
   9   1              {
  10   2                      i = 2;
  11   2                      j = 239;
  12   2                      do
  13   2                      {
  14   3                              while (--j);
  15   3                      } while (--i);
  16   2                      ms--;
  17   2              }
  18   1      }
  19          
  20          void main()
  21          {
  22   1              while(1)
  23   1              {
  24   2      ////      按下按键，立刻改变LED状态             
  25   2                      if(P3_1==0)
  26   2                      {
  27   3                              P2--;//1111 1111   1111 1110
  28   3                              Delayms(20);
  29   3                              while(P3_1==0);
  30   3                              Delayms(20);    
  31   3                      }
  32   2              }
  33   1      }


MODULE INFORMATION:   STATIC OVERLAYABLE
   CODE SIZE        =     44    ----
   CONSTANT SIZE    =   ----    ----
   XDATA SIZE       =   ----    ----
   PDATA SIZE       =   ----    ----
   DATA SIZE        =      8    ----
   IDATA SIZE       =   ----    ----
   BIT SIZE         =   ----    ----
END OF MODULE INFORMATION.


C51 COMPILATION COMPLETE.  0 WARNING(S),  0 ERROR(S)
