C51 COMPILER V9.01   KEY_1                                                                 01/07/2022 16:09:00 PAGE 1   


C51 COMPILER V9.01, COMPILATION OF MODULE KEY_1
OBJECT MODULE PLACED IN Key_1.OBJ
COMPILER INVOKED BY: E:\Keil5\C51\BIN\C51.EXE Key_1.c BROWSE DEBUG OBJECTEXTEND

line level    source

   1          #include <REGX52.H>
   2          const char table[8]={0xFE,0xFD,0xFB,0xF7,0xEF,0xDF,0xBF,
   3          0x7F};
   4          
   5          void Delayms(unsigned int ms)           //@12.000MHz
   6          {
   7   1              unsigned char i, j;
   8   1              while(ms)
   9   1              {
  10   2                      i = 2;
  11   2                      j = 239;
  12   2                      do
  13   2                      {
  14   3                              while (--j);
  15   3                      } while (--i);
  16   2                      ms--;
  17   2              }
  18   1      }
  19          
  20          void main()
  21          {
  22   1              while(1)
  23   1              {
  24   2      ////      按下按键，立刻改变LED状态             
  25   2      //              if(P3_1==0)
  26   2      //              {
  27   2      //                      P2_0=~P2_0;
  28   2      //                      Delayms(20);
  29   2      //                      while(P3_1==0);
  30   2      //                      Delayms(20);    
  31   2      //              }
  32   2      //              按下按键，在松开之后，再改变LED状态
  33   2                      if(P3_1==0)
  34   2                      {
  35   3                              Delayms(20);
  36   3                              while(P3_1==0);
  37   3                              Delayms(20);
  38   3                P2_0=~P2_0;   
  39   3                      }
  40   2              }
  41   1      }


MODULE INFORMATION:   STATIC OVERLAYABLE
   CODE SIZE        =     44    ----
   CONSTANT SIZE    =   ----    ----
   XDATA SIZE       =   ----    ----
   PDATA SIZE       =   ----    ----
   DATA SIZE        =      8    ----
   IDATA SIZE       =   ----    ----
   BIT SIZE         =   ----    ----
END OF MODULE INFORMATION.


C51 COMPILATION COMPLETE.  0 WARNING(S),  0 ERROR(S)
