C51 COMPILER V9.01   MAIN                                                                  02/07/2022 10:45:22 PAGE 1   


C51 COMPILER V9.01, COMPILATION OF MODULE MAIN
OBJECT MODULE PLACED IN main.OBJ
COMPILER INVOKED BY: E:\Keil5\C51\BIN\C51.EXE main.c BROWSE DEBUG OBJECTEXTEND

line level    source

   1          #include <REGX52.H>
   2          #include "DELAY.H"
   3          #include "KEY.H"
   4          #include "TIMER0.H"
   5          #include "NIXIE.H"
   6          
   7          sbit Motor = P1^0;
   8          unsigned char Counter;
   9          unsigned char Compare[]={0,30,60,90};
  10          
  11          unsigned char KeyNum,Speed;
  12          
  13          void main()
  14          {
  15   1      //      Compare = 5;
  16   1              Timer0_Init();
  17   1      
  18   1              while(1)
  19   1              {
  20   2                      KeyNum = Key();
  21   2                      if(KeyNum == 1)
  22   2                      {
  23   3                              Speed++;
  24   3                              Speed %=4;
  25   3      //                      switch(Speed)
  26   3      //                      {
  27   3      //                              case 0:
  28   3      //                                      Compare = 0;break;
  29   3      //                              case 1:
  30   3      //                                      Compare = 30;break;
  31   3      //                              case 2:
  32   3      //                                      Compare = 60;break;
  33   3      //                              case 3:
  34   3      //                                      Compare = 90;break;
  35   3      //                              default:
  36   3      //                                      break;
  37   3      //                      }
  38   3                      }
  39   2                      Nixie(1,Speed);
  40   2              }
  41   1      }
  42          void Timer0_Routine() interrupt 1
  43          {
  44   1              TL0 = 0x9C;             //设置定时初始值
  45   1              TH0 = 0xFF;             //设置定时初始值
  46   1              Counter++;
  47   1              if(Counter>=100)
  48   1              {
  49   2                      Counter = 0;
  50   2              }
  51   1              // Counter %= 100;  可以实现if语句的功能
  52   1              if(Compare[Speed] > Counter)
  53   1              {
  54   2                      Motor = 1;
  55   2              }
C51 COMPILER V9.01   MAIN                                                                  02/07/2022 10:45:22 PAGE 2   

  56   1              else
  57   1              {
  58   2                      Motor = 0;
  59   2              }
  60   1      }


MODULE INFORMATION:   STATIC OVERLAYABLE
   CODE SIZE        =     81    ----
   CONSTANT SIZE    =   ----    ----
   XDATA SIZE       =   ----    ----
   PDATA SIZE       =   ----    ----
   DATA SIZE        =      7    ----
   IDATA SIZE       =   ----    ----
   BIT SIZE         =   ----    ----
END OF MODULE INFORMATION.


C51 COMPILATION COMPLETE.  0 WARNING(S),  0 ERROR(S)
