C51 COMPILER V9.01   NIXIE_TIMER                                                           02/10/2022 09:25:09 PAGE 1   


C51 COMPILER V9.01, COMPILATION OF MODULE NIXIE_TIMER
OBJECT MODULE PLACED IN Nixie_Timer.OBJ
COMPILER INVOKED BY: E:\Keil5\C51\BIN\C51.EXE Nixie_Timer.c BROWSE DEBUG OBJECTEXTEND

line level    source

   1          #include <REGX52.H>
   2          unsigned char Nixie_Num[]={0x3F,0x06,0X5B,0x4F,0x66,0x6D,0x7D,0x07,0x7F,0x6F,
   3                                                                      0x77,0x7C,0x39,0x5E,0x79,0x71,0x00,0x40};
   4          
   5          unsigned char Nixie_Buf[9] = {0,1,1,1,1,1,1,1,1};
   6          void Nixie(unsigned char Location,Number)
   7          {
   8   1              P0 = Nixie_Num[16];
   9   1          switch(Location)
  10   1              {
  11   2                      case 1:P2_4 = 1;P2_3 = 1;P2_2 = 1;;break;
  12   2                      case 2:P2_4 = 1;P2_3 = 1;P2_2 = 0;;break;
  13   2                      case 3:P2_4 = 1;P2_3 = 0;P2_2 = 1;;break;
  14   2                      case 4:P2_4 = 1;P2_3 = 0;P2_2 = 0;;break;
  15   2                      case 5:P2_4 = 0;P2_3 = 1;P2_2 = 1;;break;
  16   2                      case 6:P2_4 = 0;P2_3 = 1;P2_2 = 0;;break;
  17   2                      case 7:P2_4 = 0;P2_3 = 0;P2_2 = 1;;break;
  18   2                      case 8:P2_4 = 0;P2_3 = 0;P2_2 = 0;;break;
  19   2              }
  20   1              P0 = Nixie_Num[Number];
  21   1      }
  22          void Nixie_Loop()
  23          {
  24   1              static unsigned char i = 1;
  25   1              Nixie(i,Nixie_Buf[i]);
  26   1              i++;
  27   1              i = i%9+1;
  28   1      }
  29          void Nixie_Scan(unsigned char Location,Number)
  30          {
  31   1              Nixie_Buf[Location] = Number;
  32   1      }


MODULE INFORMATION:   STATIC OVERLAYABLE
   CODE SIZE        =    139    ----
   CONSTANT SIZE    =   ----    ----
   XDATA SIZE       =   ----    ----
   PDATA SIZE       =   ----    ----
   DATA SIZE        =     28    ----
   IDATA SIZE       =   ----    ----
   BIT SIZE         =   ----    ----
END OF MODULE INFORMATION.


C51 COMPILATION COMPLETE.  0 WARNING(S),  0 ERROR(S)
