C51 COMPILER V9.01   MATRIX_NUM                                                            02/11/2022 15:15:58 PAGE 1   


C51 COMPILER V9.01, COMPILATION OF MODULE MATRIX_NUM
OBJECT MODULE PLACED IN Matrix_Num.OBJ
COMPILER INVOKED BY: E:\Keil5\C51\BIN\C51.EXE Matrix_Num.c BROWSE DEBUG OBJECTEXTEND

line level    source

   1          #include <REGX52.H>
   2          
   3          unsigned char Matrix_Number;
   4          
   5          unsigned char Matrix_Num()
   6          {
   7   1              unsigned char Temp = 0;
   8   1              Temp = Matrix_Number;
   9   1              Matrix_Number = 0;
  10   1              return Temp;
  11   1      }
  12          
  13          /**
  14             *    @brief  获取矩阵按键的键码
  15             *    @param  无
  16             *    @retval 按下的矩阵按键的键码
  17             */
  18          unsigned char Matrix_State()
  19          {
  20   1              unsigned char KeyNumber = 99;
  21   1              P1 = 0xFF;P1_3 = 0;        //依次检测矩阵键盘第一列的行是否导通
  22   1              if(P1_7==0){KeyNumber=1;}if(P1_6==0){KeyNumber=5;}
  23   1              if(P1_5==0){KeyNumber=9;}if(P1_4==0){KeyNumber=13;}
  24   1      
  25   1              P1 = 0xFF;P1_2 = 0;        //依次检测矩阵键盘第二列的行是否导通
  26   1              if(P1_7==0){;KeyNumber=2;}if(P1_6==0){KeyNumber=6;}
  27   1              if(P1_5==0){KeyNumber=10;}if(P1_4==0){KeyNumber=14;}
  28   1      
  29   1              P1 = 0xFF;P1_1 = 0;        //依次检测矩阵键盘第三列的行是否导通
  30   1              if(P1_7==0){KeyNumber=3;}if(P1_6==0){KeyNumber=7;}
  31   1              if(P1_5==0){KeyNumber=11;}if(P1_4==0){KeyNumber=15;}
  32   1              
  33   1              P1 = 0xFF;P1_0 = 0;        //依次检测矩阵键盘第四列的行是否导通
  34   1              if(P1_7==0){KeyNumber=4;}if(P1_6==0){KeyNumber=8;}
  35   1              if(P1_5==0){KeyNumber=12;}if(P1_4==0){KeyNumber=16;}
  36   1      
  37   1              return KeyNumber;
  38   1      }
  39          void Matrix_Loop()
  40          {
  41   1              static unsigned char N_State,L_State;
  42   1              unsigned int i;
  43   1              L_State = N_State;        //按键状态更新
  44   1              N_State = Matrix_State();                 //获取当前按键状态
  45   1              //若上一个中断按键按下，现在这个中断未按下，则判断为刚松手以此作为松手检测
  46   1              for(i=0;i<16;i++)
  47   1              {
  48   2                      if(L_State==(i+1) && N_State==99)
  49   2                      {
  50   3                              Matrix_Number = i+1;
  51   3                              break;
  52   3                      }       
  53   2              }
  54   1      }

C51 COMPILER V9.01   MATRIX_NUM                                                            02/11/2022 15:15:58 PAGE 2   


MODULE INFORMATION:   STATIC OVERLAYABLE
   CODE SIZE        =    159    ----
   CONSTANT SIZE    =   ----    ----
   XDATA SIZE       =   ----    ----
   PDATA SIZE       =   ----    ----
   DATA SIZE        =      3    ----
   IDATA SIZE       =   ----    ----
   BIT SIZE         =   ----    ----
END OF MODULE INFORMATION.


C51 COMPILATION COMPLETE.  0 WARNING(S),  0 ERROR(S)
