C51 COMPILER V9.01   INT_1                                                                 01/10/2022 17:21:39 PAGE 1   


C51 COMPILER V9.01, COMPILATION OF MODULE INT_1
OBJECT MODULE PLACED IN int_1.OBJ
COMPILER INVOKED BY: E:\Keil5\C51\BIN\C51.EXE int_1.c BROWSE DEBUG OBJECTEXTEND

line level    source

   1          #include <REGX52.H>
   2          #include <TIMER0.H>
   3          
   4          void Timer0_Routine() interrupt 1
   5          {
   6   1              static unsigned int T0count;
   7   1              TL0 = 0x18;             //设置定时初始值
   8   1              TH0 = 0xFC;             //设置定时初始值
   9   1              if(T0count>=500)
  10   1              {
  11   2                      T0count = 0;
  12   2                      P2_0 = ~P2_0;
  13   2              }
  14   1              T0count++;
  15   1      
  16   1      }
  17          
  18          void main()
  19          {
  20   1              Timer0_Init();
  21   1              while(1)
  22   1              {
  23   2              }
  24   1      }


MODULE INFORMATION:   STATIC OVERLAYABLE
   CODE SIZE        =     47    ----
   CONSTANT SIZE    =   ----    ----
   XDATA SIZE       =   ----    ----
   PDATA SIZE       =   ----    ----
   DATA SIZE        =      2    ----
   IDATA SIZE       =   ----    ----
   BIT SIZE         =   ----    ----
END OF MODULE INFORMATION.


C51 COMPILATION COMPLETE.  0 WARNING(S),  0 ERROR(S)
