C51 COMPILER V9.01   KEY                                                                   01/10/2022 17:11:54 PAGE 1   


C51 COMPILER V9.01, COMPILATION OF MODULE KEY
OBJECT MODULE PLACED IN key.OBJ
COMPILER INVOKED BY: E:\Keil5\C51\BIN\C51.EXE key.c BROWSE DEBUG OBJECTEXTEND

line level    source

   1          #include <REGX52.H>
   2          #include <delay.h>
   3          /**
   4             *    @brief  获取独立按键键码
   5             *    @param  无
   6             *    @retval 按键键码，范围：0-4，无按键时返回0；
   7             */   
   8          
   9          
  10          unsigned char Key()
  11          {
  12   1              unsigned char KeyNumber = 0;
  13   1              if(P3_1==0){Delayms(20);while(P3_1==0);Delayms(20);KeyNumber=1;}
  14   1              if(P3_0==0){Delayms(20);while(P3_0==0);Delayms(20);KeyNumber=2;}
  15   1              if(P3_2==0){Delayms(20);while(P3_2==0);Delayms(20);KeyNumber=3;}
  16   1              if(P3_3==0){Delayms(20);while(P3_3==0);Delayms(20);KeyNumber=4;}
  17   1              return KeyNumber;
  18   1      }


MODULE INFORMATION:   STATIC OVERLAYABLE
   CODE SIZE        =     97    ----
   CONSTANT SIZE    =   ----    ----
   XDATA SIZE       =   ----    ----
   PDATA SIZE       =   ----    ----
   DATA SIZE        =   ----       1
   IDATA SIZE       =   ----    ----
   BIT SIZE         =   ----    ----
END OF MODULE INFORMATION.


C51 COMPILATION COMPLETE.  0 WARNING(S),  0 ERROR(S)
