C51 COMPILER V9.01   D_SCR_595                                                             01/11/2022 18:18:54 PAGE 1   


C51 COMPILER V9.01, COMPILATION OF MODULE D_SCR_595
OBJECT MODULE PLACED IN D_scr_595.OBJ
COMPILER INVOKED BY: E:\Keil5\C51\BIN\C51.EXE D_scr_595.c BROWSE DEBUG OBJECTEXTEND

line level    source

   1          #include <REGX52.H>
   2          #include <Show_74HC595.H>
   3          //点阵屏显示一个笑脸
   4          
   5          void main()
   6          {
   7   1              while(1)
   8   1              {
   9   2                      D_Scr_Show(0,0x3C);//0011 1100
  10   2                      D_Scr_Show(1,0x42);//0100 0010
  11   2                      D_Scr_Show(2,0xA9);//1010 1001
  12   2                      D_Scr_Show(3,0x85);//1000 0101
  13   2                      D_Scr_Show(4,0x85);//1000 0101
  14   2                      D_Scr_Show(5,0xA9);//1010 1001
  15   2                      D_Scr_Show(6,0x42);//0100 0010
  16   2                      D_Scr_Show(7,0x3C);//0011 1100
  17   2              }
  18   1      }


MODULE INFORMATION:   STATIC OVERLAYABLE
   CODE SIZE        =     58    ----
   CONSTANT SIZE    =   ----    ----
   XDATA SIZE       =   ----    ----
   PDATA SIZE       =   ----    ----
   DATA SIZE        =   ----    ----
   IDATA SIZE       =   ----    ----
   BIT SIZE         =   ----    ----
END OF MODULE INFORMATION.


C51 COMPILATION COMPLETE.  0 WARNING(S),  0 ERROR(S)
